  [1m[36m (0.1ms)[0m  [1mselect sqlite_version(*)[0m
  [1m[35m (164.9ms)[0m  CREATE TABLE "schema_migrations" ("version" varchar(255) NOT NULL) 
  [1m[36m (0.1ms)[0m  [1mPRAGMA index_list("schema_migrations")[0m
  [1m[35m (121.5ms)[0m  CREATE UNIQUE INDEX "unique_schema_migrations" ON "schema_migrations" ("version")
  [1m[36m (11.1ms)[0m  [1mSELECT "schema_migrations"."version" FROM "schema_migrations" [0m
Migrating to CreateMovies (20111119180638)
  [1m[35m (0.6ms)[0m  CREATE TABLE "movies" ("id" INTEGER PRIMARY KEY AUTOINCREMENT NOT NULL, "title" varchar(255), "rating" varchar(255), "description" text, "release_date" datetime, "created_at" datetime, "updated_at" datetime) 
  [1m[36m (0.2ms)[0m  [1mINSERT INTO "schema_migrations" ("version") VALUES ('20111119180638')[0m
  [1m[35m (0.4ms)[0m  select sqlite_version(*)
  [1m[36m (0.2ms)[0m  [1mSELECT "schema_migrations"."version" FROM "schema_migrations" [0m
  [1m[35m (0.1ms)[0m  PRAGMA index_list("movies")
  [1m[36m (2.2ms)[0m  [1mSELECT "schema_migrations"."version" FROM "schema_migrations" [0m
  [1m[35mSQL (8.5ms)[0m  INSERT INTO "movies" ("created_at", "description", "rating", "release_date", "title", "updated_at") VALUES (?, ?, ?, ?, ?, ?)  [["created_at", Fri, 26 Jul 2013 21:08:39 UTC +00:00], ["description", nil], ["rating", "G"], ["release_date", Wed, 25 Nov 1992 00:00:00 UTC +00:00], ["title", "Aladdin"], ["updated_at", Fri, 26 Jul 2013 21:08:39 UTC +00:00]]
  [1m[36mSQL (0.6ms)[0m  [1mINSERT INTO "movies" ("created_at", "description", "rating", "release_date", "title", "updated_at") VALUES (?, ?, ?, ?, ?, ?)[0m  [["created_at", Fri, 26 Jul 2013 21:08:39 UTC +00:00], ["description", nil], ["rating", "R"], ["release_date", Fri, 26 Oct 1984 00:00:00 UTC +00:00], ["title", "The Terminator"], ["updated_at", Fri, 26 Jul 2013 21:08:39 UTC +00:00]]
  [1m[35mSQL (0.6ms)[0m  INSERT INTO "movies" ("created_at", "description", "rating", "release_date", "title", "updated_at") VALUES (?, ?, ?, ?, ?, ?)  [["created_at", Fri, 26 Jul 2013 21:08:39 UTC +00:00], ["description", nil], ["rating", "R"], ["release_date", Fri, 21 Jul 1989 00:00:00 UTC +00:00], ["title", "When Harry Met Sally"], ["updated_at", Fri, 26 Jul 2013 21:08:39 UTC +00:00]]
  [1m[36mSQL (0.6ms)[0m  [1mINSERT INTO "movies" ("created_at", "description", "rating", "release_date", "title", "updated_at") VALUES (?, ?, ?, ?, ?, ?)[0m  [["created_at", Fri, 26 Jul 2013 21:08:39 UTC +00:00], ["description", nil], ["rating", "PG-13"], ["release_date", Wed, 10 Aug 2011 00:00:00 UTC +00:00], ["title", "The Help"], ["updated_at", Fri, 26 Jul 2013 21:08:39 UTC +00:00]]
  [1m[35mSQL (0.6ms)[0m  INSERT INTO "movies" ("created_at", "description", "rating", "release_date", "title", "updated_at") VALUES (?, ?, ?, ?, ?, ?)  [["created_at", Fri, 26 Jul 2013 21:08:39 UTC +00:00], ["description", nil], ["rating", "PG-13"], ["release_date", Fri, 05 Jan 2001 00:00:00 UTC +00:00], ["title", "Chocolat"], ["updated_at", Fri, 26 Jul 2013 21:08:39 UTC +00:00]]
  [1m[36mSQL (0.9ms)[0m  [1mINSERT INTO "movies" ("created_at", "description", "rating", "release_date", "title", "updated_at") VALUES (?, ?, ?, ?, ?, ?)[0m  [["created_at", Fri, 26 Jul 2013 21:08:40 UTC +00:00], ["description", nil], ["rating", "R"], ["release_date", Wed, 25 Apr 2001 00:00:00 UTC +00:00], ["title", "Amelie"], ["updated_at", Fri, 26 Jul 2013 21:08:40 UTC +00:00]]
  [1m[35mSQL (0.7ms)[0m  INSERT INTO "movies" ("created_at", "description", "rating", "release_date", "title", "updated_at") VALUES (?, ?, ?, ?, ?, ?)  [["created_at", Fri, 26 Jul 2013 21:08:40 UTC +00:00], ["description", nil], ["rating", "G"], ["release_date", Sat, 06 Apr 1968 00:00:00 UTC +00:00], ["title", "2001: A Space Odyssey"], ["updated_at", Fri, 26 Jul 2013 21:08:40 UTC +00:00]]
  [1m[36mSQL (0.6ms)[0m  [1mINSERT INTO "movies" ("created_at", "description", "rating", "release_date", "title", "updated_at") VALUES (?, ?, ?, ?, ?, ?)[0m  [["created_at", Fri, 26 Jul 2013 21:08:40 UTC +00:00], ["description", nil], ["rating", "PG"], ["release_date", Fri, 05 Nov 2004 00:00:00 UTC +00:00], ["title", "The Incredibles"], ["updated_at", Fri, 26 Jul 2013 21:08:40 UTC +00:00]]
  [1m[35mSQL (0.6ms)[0m  INSERT INTO "movies" ("created_at", "description", "rating", "release_date", "title", "updated_at") VALUES (?, ?, ?, ?, ?, ?)  [["created_at", Fri, 26 Jul 2013 21:08:40 UTC +00:00], ["description", nil], ["rating", "PG"], ["release_date", Fri, 12 Jun 1981 00:00:00 UTC +00:00], ["title", "Raiders of the Lost Ark"], ["updated_at", Fri, 26 Jul 2013 21:08:40 UTC +00:00]]
  [1m[36mSQL (0.7ms)[0m  [1mINSERT INTO "movies" ("created_at", "description", "rating", "release_date", "title", "updated_at") VALUES (?, ?, ?, ?, ?, ?)[0m  [["created_at", Fri, 26 Jul 2013 21:08:40 UTC +00:00], ["description", nil], ["rating", "G"], ["release_date", Wed, 21 Jun 2000 00:00:00 UTC +00:00], ["title", "Chicken Run"], ["updated_at", Fri, 26 Jul 2013 21:08:40 UTC +00:00]]


Started GET "/movies" for 127.0.0.1 at 2013-07-26 17:09:18 -0400
  Processing by MoviesController#index as HTML
  [1m[36mMovie Load (0.4ms)[0m  [1mSELECT "movies".* FROM "movies" [0m
Rendered movies/index.html.haml within layouts/application (26.0ms)
Compiled application.css  (0ms)  (pid 9620)
Compiled application.js  (4ms)  (pid 9620)
Compiled jquery.js  (3ms)  (pid 9620)
Compiled jquery_ujs.js  (0ms)  (pid 9620)
Completed 200 OK in 148ms (Views: 145.4ms | ActiveRecord: 0.7ms)


Started GET "/assets/application.css?body=1" for 127.0.0.1 at 2013-07-26 17:09:19 -0400
Served asset /application.css - 200 OK (6ms)


Started GET "/assets/jquery.js?body=1" for 127.0.0.1 at 2013-07-26 17:09:19 -0400
Served asset /jquery.js - 200 OK (16ms)


Started GET "/assets/application.js?body=1" for 127.0.0.1 at 2013-07-26 17:09:19 -0400
Served asset /application.js - 200 OK (54ms)


Started GET "/assets/jquery_ujs.js?body=1" for 127.0.0.1 at 2013-07-26 17:09:19 -0400
Served asset /jquery_ujs.js - 200 OK (11ms)


Started GET "/movies" for 127.0.0.1 at 2013-07-26 17:35:32 -0400
  Processing by MoviesController#index as HTML
  [1m[35mMovie Load (0.3ms)[0m  SELECT "movies".* FROM "movies" 
Rendered movies/index.html.haml within layouts/application (19.3ms)
Compiled application.css  (0ms)  (pid 9620)
Completed 200 OK in 35ms (Views: 32.2ms | ActiveRecord: 0.8ms)


Started GET "/assets/application.css?body=1" for 127.0.0.1 at 2013-07-26 17:35:32 -0400
Served asset /application.css - 200 OK (2ms)


Started GET "/assets/jquery.js?body=1" for 127.0.0.1 at 2013-07-26 17:35:32 -0400
Served asset /jquery.js - 304 Not Modified (0ms)


Started GET "/assets/jquery_ujs.js?body=1" for 127.0.0.1 at 2013-07-26 17:35:32 -0400
Served asset /jquery_ujs.js - 304 Not Modified (0ms)


Started GET "/assets/application.js?body=1" for 127.0.0.1 at 2013-07-26 17:35:32 -0400
Served asset /application.js - 304 Not Modified (0ms)


Started GET "/movies" for 127.0.0.1 at 2013-07-26 17:35:34 -0400
  Processing by MoviesController#index as HTML
  [1m[36mMovie Load (0.4ms)[0m  [1mSELECT "movies".* FROM "movies" [0m
Rendered movies/index.html.haml within layouts/application (57.4ms)
Completed 200 OK in 71ms (Views: 66.1ms | ActiveRecord: 1.4ms)


Started GET "/assets/application.css?body=1" for 127.0.0.1 at 2013-07-26 17:35:34 -0400
Served asset /application.css - 304 Not Modified (0ms)


Started GET "/assets/jquery.js?body=1" for 127.0.0.1 at 2013-07-26 17:35:34 -0400
Served asset /jquery.js - 304 Not Modified (0ms)


Started GET "/assets/jquery_ujs.js?body=1" for 127.0.0.1 at 2013-07-26 17:35:34 -0400
Served asset /jquery_ujs.js - 304 Not Modified (0ms)


Started GET "/assets/application.js?body=1" for 127.0.0.1 at 2013-07-26 17:35:34 -0400
Served asset /application.js - 304 Not Modified (0ms)


Started GET "/movies" for 127.0.0.1 at 2013-07-26 18:21:00 -0400
  Processing by MoviesController#index as HTML
  [1m[35mMovie Load (0.3ms)[0m  SELECT "movies".* FROM "movies" 
Rendered movies/index.html.haml within layouts/application (23.3ms)
Completed 200 OK in 35ms (Views: 32.0ms | ActiveRecord: 0.8ms)


Started GET "/assets/application.css?body=1" for 127.0.0.1 at 2013-07-26 18:21:01 -0400
Served asset /application.css - 304 Not Modified (0ms)


Started GET "/assets/application.js?body=1" for 127.0.0.1 at 2013-07-26 18:21:01 -0400
Served asset /application.js - 304 Not Modified (0ms)


Started GET "/assets/jquery_ujs.js?body=1" for 127.0.0.1 at 2013-07-26 18:21:01 -0400
Served asset /jquery_ujs.js - 304 Not Modified (0ms)


Started GET "/assets/jquery.js?body=1" for 127.0.0.1 at 2013-07-26 18:21:01 -0400
Served asset /jquery.js - 304 Not Modified (0ms)


Started GET "/movies" for 127.0.0.1 at 2013-07-26 18:21:02 -0400
  Processing by MoviesController#index as HTML
  [1m[36mMovie Load (0.4ms)[0m  [1mSELECT "movies".* FROM "movies" [0m
Rendered movies/index.html.haml within layouts/application (57.0ms)
Completed 200 OK in 72ms (Views: 67.7ms | ActiveRecord: 1.1ms)


Started GET "/assets/application.css?body=1" for 127.0.0.1 at 2013-07-26 18:21:02 -0400
Served asset /application.css - 304 Not Modified (0ms)


Started GET "/assets/jquery.js?body=1" for 127.0.0.1 at 2013-07-26 18:21:02 -0400
Served asset /jquery.js - 304 Not Modified (0ms)


Started GET "/assets/jquery_ujs.js?body=1" for 127.0.0.1 at 2013-07-26 18:21:02 -0400
Served asset /jquery_ujs.js - 304 Not Modified (0ms)


Started GET "/assets/application.js?body=1" for 127.0.0.1 at 2013-07-26 18:21:02 -0400
Served asset /application.js - 304 Not Modified (0ms)


Started GET "/movies" for 127.0.0.1 at 2013-07-26 18:21:17 -0400
  Processing by MoviesController#index as HTML
  [1m[35mMovie Load (0.4ms)[0m  SELECT "movies".* FROM "movies" 
Rendered movies/index.html.haml within layouts/application (33.4ms)
Completed 200 OK in 49ms (Views: 43.8ms | ActiveRecord: 1.1ms)


Started GET "/assets/application.css?body=1" for 127.0.0.1 at 2013-07-26 18:21:17 -0400
Served asset /application.css - 304 Not Modified (0ms)


Started GET "/assets/jquery_ujs.js?body=1" for 127.0.0.1 at 2013-07-26 18:21:17 -0400
Served asset /jquery_ujs.js - 304 Not Modified (0ms)


Started GET "/assets/jquery.js?body=1" for 127.0.0.1 at 2013-07-26 18:21:17 -0400
Served asset /jquery.js - 304 Not Modified (0ms)


Started GET "/assets/application.js?body=1" for 127.0.0.1 at 2013-07-26 18:21:17 -0400
Served asset /application.js - 304 Not Modified (0ms)


Started GET "/movies" for 127.0.0.1 at 2013-07-26 18:45:28 -0400
  Processing by MoviesController#index as HTML
  [1m[36mMovie Load (0.4ms)[0m  [1mSELECT "movies".* FROM "movies" [0m
ERROR: compiling _app_views_movies_index_html_haml___592600075_70599470 RAISED /home/lol/Documents/Programmation/edx/cs169/hw2_rottenpotatoes/app/views/movies/index.html.haml:7: syntax error, unexpected tIDENTIFIER, expecting ')'
...nk_to 'Movie Title' movies_path(:sort => 'title')
...                               ^
Function body:           def _app_views_movies_index_html_haml___592600075_70599470(local_assigns, output_buffer)
            _old_virtual_path, @virtual_path = @virtual_path, "movies/index";_old_output_buffer = @output_buffer;;begin;extend Haml::Helpers;_hamlout = @haml_buffer = Haml::Buffer.new(@haml_buffer, {:autoclose=>["meta", "img", "link", "br", "hr", "input", "area", "param", "col", "base"], :preserve=>["textarea", "pre", "code"], :attr_wrapper=>"'", :ugly=>false, :format=>:html5, :encoding=>"UTF-8", :escape_html=>true, :escape_attrs=>true});_erbout = _hamlout.buffer;__in_erb_template = true;;_hamlout.push_text("<h1>All Movies</h1>\n<table id='movies'>\n  <thead>\n    <tr>\n      <th id='title_header'>#{_hamlout.adjust_tabs(4); 





_hamlout.format_script_false_true_false_true_false_true_false((link_to 'Movie Title' movies_path(:sort => 'title')
));}</th>\n      <th>Rating</th>\n      <th>Release Date</th>\n      <th>More Info</th>\n    </tr>\n  </thead>\n  <tbody>\n", -1, false);



 @movies.each do |movie|
_hamlout.push_text("    <tr>\n      <td>#{_hamlout.adjust_tabs(2); 
_hamlout.format_script_false_true_false_true_false_true_false((movie.title
));}</td>\n      <td>#{_hamlout.adjust_tabs(1); _hamlout.format_script_false_true_false_true_false_true_false((movie.rating
));}</td>\n      <td>#{_hamlout.adjust_tabs(1); _hamlout.format_script_false_true_false_true_false_true_false((movie.release_date
));}</td>\n      <td>#{_hamlout.adjust_tabs(1); _hamlout.format_script_false_true_false_true_false_true_false((link_to "More about #{movie.title}", movie_path(movie)
));}</td>\n    </tr>\n", -1, false);end
_hamlout.push_text("  </tbody>\n</table>\n#{_hamlout.adjust_tabs(-2); _hamlout.format_script_false_false_false_true_false_true_false(( link_to 'Add new movie', new_movie_path
));}\n", 0, false);::Haml::Util.html_safe(_erbout);ensure;@haml_buffer = @haml_buffer.upper if @haml_buffer;end;
          ensure
            @virtual_path, @output_buffer = _old_virtual_path, _old_output_buffer
          end
Backtrace: /home/lol/.rvm/gems/ruby-1.9.3-p448/gems/actionpack-3.1.0/lib/action_view/template.rb:282:in `module_eval'
/home/lol/.rvm/gems/ruby-1.9.3-p448/gems/actionpack-3.1.0/lib/action_view/template.rb:282:in `compile'
/home/lol/.rvm/gems/ruby-1.9.3-p448/gems/actionpack-3.1.0/lib/action_view/template.rb:190:in `compile!'
/home/lol/.rvm/gems/ruby-1.9.3-p448/gems/actionpack-3.1.0/lib/action_view/template.rb:143:in `block in render'
/home/lol/.rvm/gems/ruby-1.9.3-p448/gems/activesupport-3.1.0/lib/active_support/notifications.rb:55:in `instrument'
/home/lol/.rvm/gems/ruby-1.9.3-p448/gems/actionpack-3.1.0/lib/action_view/template.rb:142:in `render'
/home/lol/.rvm/gems/ruby-1.9.3-p448/gems/actionpack-3.1.0/lib/action_view/renderer/template_renderer.rb:40:in `block (2 levels) in render_template'
/home/lol/.rvm/gems/ruby-1.9.3-p448/gems/actionpack-3.1.0/lib/action_view/renderer/abstract_renderer.rb:33:in `block in instrument'
/home/lol/.rvm/gems/ruby-1.9.3-p448/gems/activesupport-3.1.0/lib/active_support/notifications.rb:53:in `block in instrument'
/home/lol/.rvm/gems/ruby-1.9.3-p448/gems/activesupport-3.1.0/lib/active_support/notifications/instrumenter.rb:21:in `instrument'
/home/lol/.rvm/gems/ruby-1.9.3-p448/gems/activesupport-3.1.0/lib/active_support/notifications.rb:53:in `instrument'
/home/lol/.rvm/gems/ruby-1.9.3-p448/gems/actionpack-3.1.0/lib/action_view/renderer/abstract_renderer.rb:33:in `instrument'
/home/lol/.rvm/gems/ruby-1.9.3-p448/gems/actionpack-3.1.0/lib/action_view/renderer/template_renderer.rb:39:in `block in render_template'
/home/lol/.rvm/gems/ruby-1.9.3-p448/gems/actionpack-3.1.0/lib/action_view/renderer/template_renderer.rb:47:in `render_with_layout'
/home/lol/.rvm/gems/ruby-1.9.3-p448/gems/actionpack-3.1.0/lib/action_view/renderer/template_renderer.rb:38:in `render_template'
/home/lol/.rvm/gems/ruby-1.9.3-p448/gems/actionpack-3.1.0/lib/action_view/renderer/template_renderer.rb:12:in `block in render'
/home/lol/.rvm/gems/ruby-1.9.3-p448/gems/actionpack-3.1.0/lib/action_view/renderer/abstract_renderer.rb:22:in `wrap_formats'
/home/lol/.rvm/gems/ruby-1.9.3-p448/gems/actionpack-3.1.0/lib/action_view/renderer/template_renderer.rb:9:in `render'
/home/lol/.rvm/gems/ruby-1.9.3-p448/gems/actionpack-3.1.0/lib/action_view/renderer/renderer.rb:36:in `render_template'
/home/lol/.rvm/gems/ruby-1.9.3-p448/gems/actionpack-3.1.0/lib/action_view/renderer/renderer.rb:17:in `render'
/home/lol/.rvm/gems/ruby-1.9.3-p448/gems/actionpack-3.1.0/lib/abstract_controller/rendering.rb:120:in `_render_template'
/home/lol/.rvm/gems/ruby-1.9.3-p448/gems/actionpack-3.1.0/lib/action_controller/metal/streaming.rb:250:in `_render_template'
/home/lol/.rvm/gems/ruby-1.9.3-p448/gems/actionpack-3.1.0/lib/abstract_controller/rendering.rb:114:in `render_to_body'
/home/lol/.rvm/gems/ruby-1.9.3-p448/gems/actionpack-3.1.0/lib/action_controller/metal/renderers.rb:30:in `render_to_body'
/home/lol/.rvm/gems/ruby-1.9.3-p448/gems/actionpack-3.1.0/lib/action_controller/metal/compatibility.rb:43:in `render_to_body'
/home/lol/.rvm/gems/ruby-1.9.3-p448/gems/actionpack-3.1.0/lib/abstract_controller/rendering.rb:99:in `render'
/home/lol/.rvm/gems/ruby-1.9.3-p448/gems/actionpack-3.1.0/lib/action_controller/metal/rendering.rb:16:in `render'
/home/lol/.rvm/gems/ruby-1.9.3-p448/gems/actionpack-3.1.0/lib/action_controller/metal/instrumentation.rb:40:in `block (2 levels) in render'
/home/lol/.rvm/gems/ruby-1.9.3-p448/gems/activesupport-3.1.0/lib/active_support/core_ext/benchmark.rb:5:in `block in ms'
/home/lol/.rvm/rubies/ruby-1.9.3-p448/lib/ruby/1.9.1/benchmark.rb:295:in `realtime'
/home/lol/.rvm/gems/ruby-1.9.3-p448/gems/activesupport-3.1.0/lib/active_support/core_ext/benchmark.rb:5:in `ms'
/home/lol/.rvm/gems/ruby-1.9.3-p448/gems/actionpack-3.1.0/lib/action_controller/metal/instrumentation.rb:40:in `block in render'
/home/lol/.rvm/gems/ruby-1.9.3-p448/gems/actionpack-3.1.0/lib/action_controller/metal/instrumentation.rb:78:in `cleanup_view_runtime'
/home/lol/.rvm/gems/ruby-1.9.3-p448/gems/activerecord-3.1.0/lib/active_record/railties/controller_runtime.rb:24:in `cleanup_view_runtime'
/home/lol/.rvm/gems/ruby-1.9.3-p448/gems/actionpack-3.1.0/lib/action_controller/metal/instrumentation.rb:39:in `render'
/home/lol/.rvm/gems/ruby-1.9.3-p448/gems/actionpack-3.1.0/lib/action_controller/metal/implicit_render.rb:10:in `default_render'
/home/lol/.rvm/gems/ruby-1.9.3-p448/gems/actionpack-3.1.0/lib/action_controller/metal/implicit_render.rb:5:in `send_action'
/home/lol/.rvm/gems/ruby-1.9.3-p448/gems/actionpack-3.1.0/lib/abstract_controller/base.rb:167:in `process_action'
/home/lol/.rvm/gems/ruby-1.9.3-p448/gems/actionpack-3.1.0/lib/action_controller/metal/rendering.rb:10:in `process_action'
/home/lol/.rvm/gems/ruby-1.9.3-p448/gems/actionpack-3.1.0/lib/abstract_controller/callbacks.rb:18:in `block in process_action'
/home/lol/.rvm/gems/ruby-1.9.3-p448/gems/activesupport-3.1.0/lib/active_support/callbacks.rb:416:in `_run__659265519__process_action__220311820__callbacks'
/home/lol/.rvm/gems/ruby-1.9.3-p448/gems/activesupport-3.1.0/lib/active_support/callbacks.rb:386:in `_run_process_action_callbacks'
/home/lol/.rvm/gems/ruby-1.9.3-p448/gems/activesupport-3.1.0/lib/active_support/callbacks.rb:81:in `run_callbacks'
/home/lol/.rvm/gems/ruby-1.9.3-p448/gems/actionpack-3.1.0/lib/abstract_controller/callbacks.rb:17:in `process_action'
/home/lol/.rvm/gems/ruby-1.9.3-p448/gems/actionpack-3.1.0/lib/action_controller/metal/rescue.rb:17:in `process_action'
/home/lol/.rvm/gems/ruby-1.9.3-p448/gems/actionpack-3.1.0/lib/action_controller/metal/instrumentation.rb:30:in `block in process_action'
/home/lol/.rvm/gems/ruby-1.9.3-p448/gems/activesupport-3.1.0/lib/active_support/notifications.rb:53:in `block in instrument'
/home/lol/.rvm/gems/ruby-1.9.3-p448/gems/activesupport-3.1.0/lib/active_support/notifications/instrumenter.rb:21:in `instrument'
/home/lol/.rvm/gems/ruby-1.9.3-p448/gems/activesupport-3.1.0/lib/active_support/notifications.rb:53:in `instrument'
/home/lol/.rvm/gems/ruby-1.9.3-p448/gems/actionpack-3.1.0/lib/action_controller/metal/instrumentation.rb:29:in `process_action'
/home/lol/.rvm/gems/ruby-1.9.3-p448/gems/actionpack-3.1.0/lib/action_controller/metal/params_wrapper.rb:201:in `process_action'
/home/lol/.rvm/gems/ruby-1.9.3-p448/gems/activerecord-3.1.0/lib/active_record/railties/controller_runtime.rb:18:in `process_action'
/home/lol/.rvm/gems/ruby-1.9.3-p448/gems/actionpack-3.1.0/lib/abstract_controller/base.rb:121:in `process'
/home/lol/.rvm/gems/ruby-1.9.3-p448/gems/actionpack-3.1.0/lib/abstract_controller/rendering.rb:45:in `process'
/home/lol/.rvm/gems/ruby-1.9.3-p448/gems/actionpack-3.1.0/lib/action_controller/metal.rb:193:in `dispatch'
/home/lol/.rvm/gems/ruby-1.9.3-p448/gems/actionpack-3.1.0/lib/action_controller/metal/rack_delegation.rb:14:in `dispatch'
/home/lol/.rvm/gems/ruby-1.9.3-p448/gems/actionpack-3.1.0/lib/action_controller/metal.rb:236:in `block in action'
/home/lol/.rvm/gems/ruby-1.9.3-p448/gems/actionpack-3.1.0/lib/action_dispatch/routing/route_set.rb:65:in `call'
/home/lol/.rvm/gems/ruby-1.9.3-p448/gems/actionpack-3.1.0/lib/action_dispatch/routing/route_set.rb:65:in `dispatch'
/home/lol/.rvm/gems/ruby-1.9.3-p448/gems/actionpack-3.1.0/lib/action_dispatch/routing/route_set.rb:29:in `call'
/home/lol/.rvm/gems/ruby-1.9.3-p448/gems/rack-mount-0.8.3/lib/rack/mount/route_set.rb:152:in `block in call'
/home/lol/.rvm/gems/ruby-1.9.3-p448/gems/rack-mount-0.8.3/lib/rack/mount/code_generation.rb:96:in `block in recognize'
/home/lol/.rvm/gems/ruby-1.9.3-p448/gems/rack-mount-0.8.3/lib/rack/mount/code_generation.rb:75:in `optimized_each'
/home/lol/.rvm/gems/ruby-1.9.3-p448/gems/rack-mount-0.8.3/lib/rack/mount/code_generation.rb:95:in `recognize'
/home/lol/.rvm/gems/ruby-1.9.3-p448/gems/rack-mount-0.8.3/lib/rack/mount/route_set.rb:141:in `call'
/home/lol/.rvm/gems/ruby-1.9.3-p448/gems/actionpack-3.1.0/lib/action_dispatch/routing/route_set.rb:531:in `call'
/home/lol/.rvm/gems/ruby-1.9.3-p448/gems/actionpack-3.1.0/lib/action_dispatch/middleware/best_standards_support.rb:17:in `call'
/home/lol/.rvm/gems/ruby-1.9.3-p448/gems/rack-1.3.5/lib/rack/etag.rb:23:in `call'
/home/lol/.rvm/gems/ruby-1.9.3-p448/gems/rack-1.3.5/lib/rack/conditionalget.rb:25:in `call'
/home/lol/.rvm/gems/ruby-1.9.3-p448/gems/actionpack-3.1.0/lib/action_dispatch/middleware/head.rb:14:in `call'
/home/lol/.rvm/gems/ruby-1.9.3-p448/gems/actionpack-3.1.0/lib/action_dispatch/middleware/params_parser.rb:21:in `call'
/home/lol/.rvm/gems/ruby-1.9.3-p448/gems/actionpack-3.1.0/lib/action_dispatch/middleware/flash.rb:243:in `call'
/home/lol/.rvm/gems/ruby-1.9.3-p448/gems/rack-1.3.5/lib/rack/session/abstract/id.rb:195:in `context'
/home/lol/.rvm/gems/ruby-1.9.3-p448/gems/rack-1.3.5/lib/rack/session/abstract/id.rb:190:in `call'
/home/lol/.rvm/gems/ruby-1.9.3-p448/gems/actionpack-3.1.0/lib/action_dispatch/middleware/cookies.rb:326:in `call'
/home/lol/.rvm/gems/ruby-1.9.3-p448/gems/activerecord-3.1.0/lib/active_record/query_cache.rb:62:in `call'
/home/lol/.rvm/gems/ruby-1.9.3-p448/gems/activerecord-3.1.0/lib/active_record/connection_adapters/abstract/connection_pool.rb:477:in `call'
/home/lol/.rvm/gems/ruby-1.9.3-p448/gems/actionpack-3.1.0/lib/action_dispatch/middleware/callbacks.rb:29:in `block in call'
/home/lol/.rvm/gems/ruby-1.9.3-p448/gems/activesupport-3.1.0/lib/active_support/callbacks.rb:392:in `_run_call_callbacks'
/home/lol/.rvm/gems/ruby-1.9.3-p448/gems/activesupport-3.1.0/lib/active_support/callbacks.rb:81:in `run_callbacks'
/home/lol/.rvm/gems/ruby-1.9.3-p448/gems/actionpack-3.1.0/lib/action_dispatch/middleware/callbacks.rb:28:in `call'
/home/lol/.rvm/gems/ruby-1.9.3-p448/gems/actionpack-3.1.0/lib/action_dispatch/middleware/reloader.rb:68:in `call'
/home/lol/.rvm/gems/ruby-1.9.3-p448/gems/rack-1.3.5/lib/rack/sendfile.rb:101:in `call'
/home/lol/.rvm/gems/ruby-1.9.3-p448/gems/actionpack-3.1.0/lib/action_dispatch/middleware/remote_ip.rb:48:in `call'
/home/lol/.rvm/gems/ruby-1.9.3-p448/gems/actionpack-3.1.0/lib/action_dispatch/middleware/show_exceptions.rb:47:in `call'
/home/lol/.rvm/gems/ruby-1.9.3-p448/gems/railties-3.1.0/lib/rails/rack/logger.rb:13:in `call'
/home/lol/.rvm/gems/ruby-1.9.3-p448/gems/rack-1.3.5/lib/rack/methodoverride.rb:24:in `call'
/home/lol/.rvm/gems/ruby-1.9.3-p448/gems/rack-1.3.5/lib/rack/runtime.rb:17:in `call'
/home/lol/.rvm/gems/ruby-1.9.3-p448/gems/activesupport-3.1.0/lib/active_support/cache/strategy/local_cache.rb:72:in `call'
/home/lol/.rvm/gems/ruby-1.9.3-p448/gems/rack-1.3.5/lib/rack/lock.rb:15:in `call'
/home/lol/.rvm/gems/ruby-1.9.3-p448/gems/actionpack-3.1.0/lib/action_dispatch/middleware/static.rb:53:in `call'
/home/lol/.rvm/gems/ruby-1.9.3-p448/gems/railties-3.1.0/lib/rails/engine.rb:455:in `call'
/home/lol/.rvm/gems/ruby-1.9.3-p448/gems/railties-3.1.0/lib/rails/rack/content_length.rb:16:in `call'
/home/lol/.rvm/gems/ruby-1.9.3-p448/gems/railties-3.1.0/lib/rails/rack/log_tailer.rb:14:in `call'
/home/lol/.rvm/gems/ruby-1.9.3-p448/gems/rack-1.3.5/lib/rack/handler/webrick.rb:59:in `service'
/home/lol/.rvm/rubies/ruby-1.9.3-p448/lib/ruby/1.9.1/webrick/httpserver.rb:138:in `service'
/home/lol/.rvm/rubies/ruby-1.9.3-p448/lib/ruby/1.9.1/webrick/httpserver.rb:94:in `run'
/home/lol/.rvm/rubies/ruby-1.9.3-p448/lib/ruby/1.9.1/webrick/server.rb:191:in `block in start_thread'
Rendered movies/index.html.haml within layouts/application (4.6ms)
Completed 500 Internal Server Error in 16ms

ActionView::Template::Error (/home/lol/Documents/Programmation/edx/cs169/hw2_rottenpotatoes/app/views/movies/index.html.haml:7: syntax error, unexpected tIDENTIFIER, expecting ')'
...nk_to 'Movie Title' movies_path(:sort => 'title')
...                               ^):
    4: %table#movies
    5:   %thead
    6:     %tr
    7:       %th#title_header= link_to 'Movie Title' movies_path(:sort => 'title')
    8:       %th Rating
    9:       %th Release Date
    10:       %th More Info
  

Rendered /home/lol/.rvm/gems/ruby-1.9.3-p448/gems/actionpack-3.1.0/lib/action_dispatch/middleware/templates/rescues/_trace.erb (1.9ms)
Rendered /home/lol/.rvm/gems/ruby-1.9.3-p448/gems/actionpack-3.1.0/lib/action_dispatch/middleware/templates/rescues/_request_and_response.erb (1.5ms)
Rendered /home/lol/.rvm/gems/ruby-1.9.3-p448/gems/actionpack-3.1.0/lib/action_dispatch/middleware/templates/rescues/template_error.erb within rescues/layout (40.8ms)


Started GET "/movies" for 127.0.0.1 at 2013-07-26 18:50:15 -0400
  Processing by MoviesController#index as HTML
  [1m[35mMovie Load (0.3ms)[0m  SELECT "movies".* FROM "movies" 
ERROR: compiling _app_views_movies_index_html_haml___592600075_70599470 RAISED /home/lol/Documents/Programmation/edx/cs169/hw2_rottenpotatoes/app/views/movies/index.html.haml:7: syntax error, unexpected tIDENTIFIER, expecting ')'
...nk_to 'Movie Title' movies_path(:sort => 'title')
...                               ^
Function body:           def _app_views_movies_index_html_haml___592600075_70599470(local_assigns, output_buffer)
            _old_virtual_path, @virtual_path = @virtual_path, "movies/index";_old_output_buffer = @output_buffer;;begin;extend Haml::Helpers;_hamlout = @haml_buffer = Haml::Buffer.new(@haml_buffer, {:autoclose=>["meta", "img", "link", "br", "hr", "input", "area", "param", "col", "base"], :preserve=>["textarea", "pre", "code"], :attr_wrapper=>"'", :ugly=>false, :format=>:html5, :encoding=>"UTF-8", :escape_html=>true, :escape_attrs=>true});_erbout = _hamlout.buffer;__in_erb_template = true;;_hamlout.push_text("<h1>All Movies</h1>\n<table id='movies'>\n  <thead>\n    <tr>\n      <th id='title_header'>#{_hamlout.adjust_tabs(4); 





_hamlout.format_script_false_true_false_true_false_true_false((link_to 'Movie Title' movies_path(:sort => 'title')
));}</th>\n      <th>Rating</th>\n      <th>Release Date</th>\n      <th>More Info</th>\n    </tr>\n  </thead>\n  <tbody>\n", -1, false);



 @movies.each do |movie|
_hamlout.push_text("    <tr>\n      <td>#{_hamlout.adjust_tabs(2); 
_hamlout.format_script_false_true_false_true_false_true_false((movie.title
));}</td>\n      <td>#{_hamlout.adjust_tabs(1); _hamlout.format_script_false_true_false_true_false_true_false((movie.rating
));}</td>\n      <td>#{_hamlout.adjust_tabs(1); _hamlout.format_script_false_true_false_true_false_true_false((movie.release_date
));}</td>\n      <td>#{_hamlout.adjust_tabs(1); _hamlout.format_script_false_true_false_true_false_true_false((link_to "More about #{movie.title}", movie_path(movie)
));}</td>\n    </tr>\n", -1, false);end
_hamlout.push_text("  </tbody>\n</table>\n#{_hamlout.adjust_tabs(-2); _hamlout.format_script_false_false_false_true_false_true_false(( link_to 'Add new movie', new_movie_path
));}\n", 0, false);::Haml::Util.html_safe(_erbout);ensure;@haml_buffer = @haml_buffer.upper if @haml_buffer;end;
          ensure
            @virtual_path, @output_buffer = _old_virtual_path, _old_output_buffer
          end
Backtrace: /home/lol/.rvm/gems/ruby-1.9.3-p448/gems/actionpack-3.1.0/lib/action_view/template.rb:282:in `module_eval'
/home/lol/.rvm/gems/ruby-1.9.3-p448/gems/actionpack-3.1.0/lib/action_view/template.rb:282:in `compile'
/home/lol/.rvm/gems/ruby-1.9.3-p448/gems/actionpack-3.1.0/lib/action_view/template.rb:190:in `compile!'
/home/lol/.rvm/gems/ruby-1.9.3-p448/gems/actionpack-3.1.0/lib/action_view/template.rb:143:in `block in render'
/home/lol/.rvm/gems/ruby-1.9.3-p448/gems/activesupport-3.1.0/lib/active_support/notifications.rb:55:in `instrument'
/home/lol/.rvm/gems/ruby-1.9.3-p448/gems/actionpack-3.1.0/lib/action_view/template.rb:142:in `render'
/home/lol/.rvm/gems/ruby-1.9.3-p448/gems/actionpack-3.1.0/lib/action_view/renderer/template_renderer.rb:40:in `block (2 levels) in render_template'
/home/lol/.rvm/gems/ruby-1.9.3-p448/gems/actionpack-3.1.0/lib/action_view/renderer/abstract_renderer.rb:33:in `block in instrument'
/home/lol/.rvm/gems/ruby-1.9.3-p448/gems/activesupport-3.1.0/lib/active_support/notifications.rb:53:in `block in instrument'
/home/lol/.rvm/gems/ruby-1.9.3-p448/gems/activesupport-3.1.0/lib/active_support/notifications/instrumenter.rb:21:in `instrument'
/home/lol/.rvm/gems/ruby-1.9.3-p448/gems/activesupport-3.1.0/lib/active_support/notifications.rb:53:in `instrument'
/home/lol/.rvm/gems/ruby-1.9.3-p448/gems/actionpack-3.1.0/lib/action_view/renderer/abstract_renderer.rb:33:in `instrument'
/home/lol/.rvm/gems/ruby-1.9.3-p448/gems/actionpack-3.1.0/lib/action_view/renderer/template_renderer.rb:39:in `block in render_template'
/home/lol/.rvm/gems/ruby-1.9.3-p448/gems/actionpack-3.1.0/lib/action_view/renderer/template_renderer.rb:47:in `render_with_layout'
/home/lol/.rvm/gems/ruby-1.9.3-p448/gems/actionpack-3.1.0/lib/action_view/renderer/template_renderer.rb:38:in `render_template'
/home/lol/.rvm/gems/ruby-1.9.3-p448/gems/actionpack-3.1.0/lib/action_view/renderer/template_renderer.rb:12:in `block in render'
/home/lol/.rvm/gems/ruby-1.9.3-p448/gems/actionpack-3.1.0/lib/action_view/renderer/abstract_renderer.rb:22:in `wrap_formats'
/home/lol/.rvm/gems/ruby-1.9.3-p448/gems/actionpack-3.1.0/lib/action_view/renderer/template_renderer.rb:9:in `render'
/home/lol/.rvm/gems/ruby-1.9.3-p448/gems/actionpack-3.1.0/lib/action_view/renderer/renderer.rb:36:in `render_template'
/home/lol/.rvm/gems/ruby-1.9.3-p448/gems/actionpack-3.1.0/lib/action_view/renderer/renderer.rb:17:in `render'
/home/lol/.rvm/gems/ruby-1.9.3-p448/gems/actionpack-3.1.0/lib/abstract_controller/rendering.rb:120:in `_render_template'
/home/lol/.rvm/gems/ruby-1.9.3-p448/gems/actionpack-3.1.0/lib/action_controller/metal/streaming.rb:250:in `_render_template'
/home/lol/.rvm/gems/ruby-1.9.3-p448/gems/actionpack-3.1.0/lib/abstract_controller/rendering.rb:114:in `render_to_body'
/home/lol/.rvm/gems/ruby-1.9.3-p448/gems/actionpack-3.1.0/lib/action_controller/metal/renderers.rb:30:in `render_to_body'
/home/lol/.rvm/gems/ruby-1.9.3-p448/gems/actionpack-3.1.0/lib/action_controller/metal/compatibility.rb:43:in `render_to_body'
/home/lol/.rvm/gems/ruby-1.9.3-p448/gems/actionpack-3.1.0/lib/abstract_controller/rendering.rb:99:in `render'
/home/lol/.rvm/gems/ruby-1.9.3-p448/gems/actionpack-3.1.0/lib/action_controller/metal/rendering.rb:16:in `render'
/home/lol/.rvm/gems/ruby-1.9.3-p448/gems/actionpack-3.1.0/lib/action_controller/metal/instrumentation.rb:40:in `block (2 levels) in render'
/home/lol/.rvm/gems/ruby-1.9.3-p448/gems/activesupport-3.1.0/lib/active_support/core_ext/benchmark.rb:5:in `block in ms'
/home/lol/.rvm/rubies/ruby-1.9.3-p448/lib/ruby/1.9.1/benchmark.rb:295:in `realtime'
/home/lol/.rvm/gems/ruby-1.9.3-p448/gems/activesupport-3.1.0/lib/active_support/core_ext/benchmark.rb:5:in `ms'
/home/lol/.rvm/gems/ruby-1.9.3-p448/gems/actionpack-3.1.0/lib/action_controller/metal/instrumentation.rb:40:in `block in render'
/home/lol/.rvm/gems/ruby-1.9.3-p448/gems/actionpack-3.1.0/lib/action_controller/metal/instrumentation.rb:78:in `cleanup_view_runtime'
/home/lol/.rvm/gems/ruby-1.9.3-p448/gems/activerecord-3.1.0/lib/active_record/railties/controller_runtime.rb:24:in `cleanup_view_runtime'
/home/lol/.rvm/gems/ruby-1.9.3-p448/gems/actionpack-3.1.0/lib/action_controller/metal/instrumentation.rb:39:in `render'
/home/lol/.rvm/gems/ruby-1.9.3-p448/gems/actionpack-3.1.0/lib/action_controller/metal/implicit_render.rb:10:in `default_render'
/home/lol/.rvm/gems/ruby-1.9.3-p448/gems/actionpack-3.1.0/lib/action_controller/metal/implicit_render.rb:5:in `send_action'
/home/lol/.rvm/gems/ruby-1.9.3-p448/gems/actionpack-3.1.0/lib/abstract_controller/base.rb:167:in `process_action'
/home/lol/.rvm/gems/ruby-1.9.3-p448/gems/actionpack-3.1.0/lib/action_controller/metal/rendering.rb:10:in `process_action'
/home/lol/.rvm/gems/ruby-1.9.3-p448/gems/actionpack-3.1.0/lib/abstract_controller/callbacks.rb:18:in `block in process_action'
/home/lol/.rvm/gems/ruby-1.9.3-p448/gems/activesupport-3.1.0/lib/active_support/callbacks.rb:416:in `_run__659265519__process_action__220311820__callbacks'
/home/lol/.rvm/gems/ruby-1.9.3-p448/gems/activesupport-3.1.0/lib/active_support/callbacks.rb:386:in `_run_process_action_callbacks'
/home/lol/.rvm/gems/ruby-1.9.3-p448/gems/activesupport-3.1.0/lib/active_support/callbacks.rb:81:in `run_callbacks'
/home/lol/.rvm/gems/ruby-1.9.3-p448/gems/actionpack-3.1.0/lib/abstract_controller/callbacks.rb:17:in `process_action'
/home/lol/.rvm/gems/ruby-1.9.3-p448/gems/actionpack-3.1.0/lib/action_controller/metal/rescue.rb:17:in `process_action'
/home/lol/.rvm/gems/ruby-1.9.3-p448/gems/actionpack-3.1.0/lib/action_controller/metal/instrumentation.rb:30:in `block in process_action'
/home/lol/.rvm/gems/ruby-1.9.3-p448/gems/activesupport-3.1.0/lib/active_support/notifications.rb:53:in `block in instrument'
/home/lol/.rvm/gems/ruby-1.9.3-p448/gems/activesupport-3.1.0/lib/active_support/notifications/instrumenter.rb:21:in `instrument'
/home/lol/.rvm/gems/ruby-1.9.3-p448/gems/activesupport-3.1.0/lib/active_support/notifications.rb:53:in `instrument'
/home/lol/.rvm/gems/ruby-1.9.3-p448/gems/actionpack-3.1.0/lib/action_controller/metal/instrumentation.rb:29:in `process_action'
/home/lol/.rvm/gems/ruby-1.9.3-p448/gems/actionpack-3.1.0/lib/action_controller/metal/params_wrapper.rb:201:in `process_action'
/home/lol/.rvm/gems/ruby-1.9.3-p448/gems/activerecord-3.1.0/lib/active_record/railties/controller_runtime.rb:18:in `process_action'
/home/lol/.rvm/gems/ruby-1.9.3-p448/gems/actionpack-3.1.0/lib/abstract_controller/base.rb:121:in `process'
/home/lol/.rvm/gems/ruby-1.9.3-p448/gems/actionpack-3.1.0/lib/abstract_controller/rendering.rb:45:in `process'
/home/lol/.rvm/gems/ruby-1.9.3-p448/gems/actionpack-3.1.0/lib/action_controller/metal.rb:193:in `dispatch'
/home/lol/.rvm/gems/ruby-1.9.3-p448/gems/actionpack-3.1.0/lib/action_controller/metal/rack_delegation.rb:14:in `dispatch'
/home/lol/.rvm/gems/ruby-1.9.3-p448/gems/actionpack-3.1.0/lib/action_controller/metal.rb:236:in `block in action'
/home/lol/.rvm/gems/ruby-1.9.3-p448/gems/actionpack-3.1.0/lib/action_dispatch/routing/route_set.rb:65:in `call'
/home/lol/.rvm/gems/ruby-1.9.3-p448/gems/actionpack-3.1.0/lib/action_dispatch/routing/route_set.rb:65:in `dispatch'
/home/lol/.rvm/gems/ruby-1.9.3-p448/gems/actionpack-3.1.0/lib/action_dispatch/routing/route_set.rb:29:in `call'
/home/lol/.rvm/gems/ruby-1.9.3-p448/gems/rack-mount-0.8.3/lib/rack/mount/route_set.rb:152:in `block in call'
/home/lol/.rvm/gems/ruby-1.9.3-p448/gems/rack-mount-0.8.3/lib/rack/mount/code_generation.rb:96:in `block in recognize'
/home/lol/.rvm/gems/ruby-1.9.3-p448/gems/rack-mount-0.8.3/lib/rack/mount/code_generation.rb:75:in `optimized_each'
/home/lol/.rvm/gems/ruby-1.9.3-p448/gems/rack-mount-0.8.3/lib/rack/mount/code_generation.rb:95:in `recognize'
/home/lol/.rvm/gems/ruby-1.9.3-p448/gems/rack-mount-0.8.3/lib/rack/mount/route_set.rb:141:in `call'
/home/lol/.rvm/gems/ruby-1.9.3-p448/gems/actionpack-3.1.0/lib/action_dispatch/routing/route_set.rb:531:in `call'
/home/lol/.rvm/gems/ruby-1.9.3-p448/gems/actionpack-3.1.0/lib/action_dispatch/middleware/best_standards_support.rb:17:in `call'
/home/lol/.rvm/gems/ruby-1.9.3-p448/gems/rack-1.3.5/lib/rack/etag.rb:23:in `call'
/home/lol/.rvm/gems/ruby-1.9.3-p448/gems/rack-1.3.5/lib/rack/conditionalget.rb:25:in `call'
/home/lol/.rvm/gems/ruby-1.9.3-p448/gems/actionpack-3.1.0/lib/action_dispatch/middleware/head.rb:14:in `call'
/home/lol/.rvm/gems/ruby-1.9.3-p448/gems/actionpack-3.1.0/lib/action_dispatch/middleware/params_parser.rb:21:in `call'
/home/lol/.rvm/gems/ruby-1.9.3-p448/gems/actionpack-3.1.0/lib/action_dispatch/middleware/flash.rb:243:in `call'
/home/lol/.rvm/gems/ruby-1.9.3-p448/gems/rack-1.3.5/lib/rack/session/abstract/id.rb:195:in `context'
/home/lol/.rvm/gems/ruby-1.9.3-p448/gems/rack-1.3.5/lib/rack/session/abstract/id.rb:190:in `call'
/home/lol/.rvm/gems/ruby-1.9.3-p448/gems/actionpack-3.1.0/lib/action_dispatch/middleware/cookies.rb:326:in `call'
/home/lol/.rvm/gems/ruby-1.9.3-p448/gems/activerecord-3.1.0/lib/active_record/query_cache.rb:62:in `call'
/home/lol/.rvm/gems/ruby-1.9.3-p448/gems/activerecord-3.1.0/lib/active_record/connection_adapters/abstract/connection_pool.rb:477:in `call'
/home/lol/.rvm/gems/ruby-1.9.3-p448/gems/actionpack-3.1.0/lib/action_dispatch/middleware/callbacks.rb:29:in `block in call'
/home/lol/.rvm/gems/ruby-1.9.3-p448/gems/activesupport-3.1.0/lib/active_support/callbacks.rb:392:in `_run_call_callbacks'
/home/lol/.rvm/gems/ruby-1.9.3-p448/gems/activesupport-3.1.0/lib/active_support/callbacks.rb:81:in `run_callbacks'
/home/lol/.rvm/gems/ruby-1.9.3-p448/gems/actionpack-3.1.0/lib/action_dispatch/middleware/callbacks.rb:28:in `call'
/home/lol/.rvm/gems/ruby-1.9.3-p448/gems/actionpack-3.1.0/lib/action_dispatch/middleware/reloader.rb:68:in `call'
/home/lol/.rvm/gems/ruby-1.9.3-p448/gems/rack-1.3.5/lib/rack/sendfile.rb:101:in `call'
/home/lol/.rvm/gems/ruby-1.9.3-p448/gems/actionpack-3.1.0/lib/action_dispatch/middleware/remote_ip.rb:48:in `call'
/home/lol/.rvm/gems/ruby-1.9.3-p448/gems/actionpack-3.1.0/lib/action_dispatch/middleware/show_exceptions.rb:47:in `call'
/home/lol/.rvm/gems/ruby-1.9.3-p448/gems/railties-3.1.0/lib/rails/rack/logger.rb:13:in `call'
/home/lol/.rvm/gems/ruby-1.9.3-p448/gems/rack-1.3.5/lib/rack/methodoverride.rb:24:in `call'
/home/lol/.rvm/gems/ruby-1.9.3-p448/gems/rack-1.3.5/lib/rack/runtime.rb:17:in `call'
/home/lol/.rvm/gems/ruby-1.9.3-p448/gems/activesupport-3.1.0/lib/active_support/cache/strategy/local_cache.rb:72:in `call'
/home/lol/.rvm/gems/ruby-1.9.3-p448/gems/rack-1.3.5/lib/rack/lock.rb:15:in `call'
/home/lol/.rvm/gems/ruby-1.9.3-p448/gems/actionpack-3.1.0/lib/action_dispatch/middleware/static.rb:53:in `call'
/home/lol/.rvm/gems/ruby-1.9.3-p448/gems/railties-3.1.0/lib/rails/engine.rb:455:in `call'
/home/lol/.rvm/gems/ruby-1.9.3-p448/gems/railties-3.1.0/lib/rails/rack/content_length.rb:16:in `call'
/home/lol/.rvm/gems/ruby-1.9.3-p448/gems/railties-3.1.0/lib/rails/rack/log_tailer.rb:14:in `call'
/home/lol/.rvm/gems/ruby-1.9.3-p448/gems/rack-1.3.5/lib/rack/handler/webrick.rb:59:in `service'
/home/lol/.rvm/rubies/ruby-1.9.3-p448/lib/ruby/1.9.1/webrick/httpserver.rb:138:in `service'
/home/lol/.rvm/rubies/ruby-1.9.3-p448/lib/ruby/1.9.1/webrick/httpserver.rb:94:in `run'
/home/lol/.rvm/rubies/ruby-1.9.3-p448/lib/ruby/1.9.1/webrick/server.rb:191:in `block in start_thread'
Rendered movies/index.html.haml within layouts/application (4.3ms)
Completed 500 Internal Server Error in 14ms

ActionView::Template::Error (/home/lol/Documents/Programmation/edx/cs169/hw2_rottenpotatoes/app/views/movies/index.html.haml:7: syntax error, unexpected tIDENTIFIER, expecting ')'
...nk_to 'Movie Title' movies_path(:sort => 'title')
...                               ^):
    4: %table#movies
    5:   %thead
    6:     %tr
    7:       %th#title_header= link_to 'Movie Title' movies_path(:sort => 'title')
    8:       %th Rating
    9:       %th Release Date
    10:       %th More Info
  

Rendered /home/lol/.rvm/gems/ruby-1.9.3-p448/gems/actionpack-3.1.0/lib/action_dispatch/middleware/templates/rescues/_trace.erb (1.7ms)
Rendered /home/lol/.rvm/gems/ruby-1.9.3-p448/gems/actionpack-3.1.0/lib/action_dispatch/middleware/templates/rescues/_request_and_response.erb (1.4ms)
Rendered /home/lol/.rvm/gems/ruby-1.9.3-p448/gems/actionpack-3.1.0/lib/action_dispatch/middleware/templates/rescues/template_error.erb within rescues/layout (6.5ms)


Started GET "/movies" for 127.0.0.1 at 2013-07-26 18:50:17 -0400
  Processing by MoviesController#index as HTML
  [1m[36mMovie Load (0.4ms)[0m  [1mSELECT "movies".* FROM "movies" [0m
ERROR: compiling _app_views_movies_index_html_haml___592600075_70599470 RAISED /home/lol/Documents/Programmation/edx/cs169/hw2_rottenpotatoes/app/views/movies/index.html.haml:7: syntax error, unexpected tIDENTIFIER, expecting ')'
...nk_to 'Movie Title' movies_path(:sort => 'title')
...                               ^
Function body:           def _app_views_movies_index_html_haml___592600075_70599470(local_assigns, output_buffer)
            _old_virtual_path, @virtual_path = @virtual_path, "movies/index";_old_output_buffer = @output_buffer;;begin;extend Haml::Helpers;_hamlout = @haml_buffer = Haml::Buffer.new(@haml_buffer, {:autoclose=>["meta", "img", "link", "br", "hr", "input", "area", "param", "col", "base"], :preserve=>["textarea", "pre", "code"], :attr_wrapper=>"'", :ugly=>false, :format=>:html5, :encoding=>"UTF-8", :escape_html=>true, :escape_attrs=>true});_erbout = _hamlout.buffer;__in_erb_template = true;;_hamlout.push_text("<h1>All Movies</h1>\n<table id='movies'>\n  <thead>\n    <tr>\n      <th id='title_header'>#{_hamlout.adjust_tabs(4); 





_hamlout.format_script_false_true_false_true_false_true_false((link_to 'Movie Title' movies_path(:sort => 'title')
));}</th>\n      <th>Rating</th>\n      <th>Release Date</th>\n      <th>More Info</th>\n    </tr>\n  </thead>\n  <tbody>\n", -1, false);



 @movies.each do |movie|
_hamlout.push_text("    <tr>\n      <td>#{_hamlout.adjust_tabs(2); 
_hamlout.format_script_false_true_false_true_false_true_false((movie.title
));}</td>\n      <td>#{_hamlout.adjust_tabs(1); _hamlout.format_script_false_true_false_true_false_true_false((movie.rating
));}</td>\n      <td>#{_hamlout.adjust_tabs(1); _hamlout.format_script_false_true_false_true_false_true_false((movie.release_date
));}</td>\n      <td>#{_hamlout.adjust_tabs(1); _hamlout.format_script_false_true_false_true_false_true_false((link_to "More about #{movie.title}", movie_path(movie)
));}</td>\n    </tr>\n", -1, false);end
_hamlout.push_text("  </tbody>\n</table>\n#{_hamlout.adjust_tabs(-2); _hamlout.format_script_false_false_false_true_false_true_false(( link_to 'Add new movie', new_movie_path
));}\n", 0, false);::Haml::Util.html_safe(_erbout);ensure;@haml_buffer = @haml_buffer.upper if @haml_buffer;end;
          ensure
            @virtual_path, @output_buffer = _old_virtual_path, _old_output_buffer
          end
Backtrace: /home/lol/.rvm/gems/ruby-1.9.3-p448/gems/actionpack-3.1.0/lib/action_view/template.rb:282:in `module_eval'
/home/lol/.rvm/gems/ruby-1.9.3-p448/gems/actionpack-3.1.0/lib/action_view/template.rb:282:in `compile'
/home/lol/.rvm/gems/ruby-1.9.3-p448/gems/actionpack-3.1.0/lib/action_view/template.rb:190:in `compile!'
/home/lol/.rvm/gems/ruby-1.9.3-p448/gems/actionpack-3.1.0/lib/action_view/template.rb:143:in `block in render'
/home/lol/.rvm/gems/ruby-1.9.3-p448/gems/activesupport-3.1.0/lib/active_support/notifications.rb:55:in `instrument'
/home/lol/.rvm/gems/ruby-1.9.3-p448/gems/actionpack-3.1.0/lib/action_view/template.rb:142:in `render'
/home/lol/.rvm/gems/ruby-1.9.3-p448/gems/actionpack-3.1.0/lib/action_view/renderer/template_renderer.rb:40:in `block (2 levels) in render_template'
/home/lol/.rvm/gems/ruby-1.9.3-p448/gems/actionpack-3.1.0/lib/action_view/renderer/abstract_renderer.rb:33:in `block in instrument'
/home/lol/.rvm/gems/ruby-1.9.3-p448/gems/activesupport-3.1.0/lib/active_support/notifications.rb:53:in `block in instrument'
/home/lol/.rvm/gems/ruby-1.9.3-p448/gems/activesupport-3.1.0/lib/active_support/notifications/instrumenter.rb:21:in `instrument'
/home/lol/.rvm/gems/ruby-1.9.3-p448/gems/activesupport-3.1.0/lib/active_support/notifications.rb:53:in `instrument'
/home/lol/.rvm/gems/ruby-1.9.3-p448/gems/actionpack-3.1.0/lib/action_view/renderer/abstract_renderer.rb:33:in `instrument'
/home/lol/.rvm/gems/ruby-1.9.3-p448/gems/actionpack-3.1.0/lib/action_view/renderer/template_renderer.rb:39:in `block in render_template'
/home/lol/.rvm/gems/ruby-1.9.3-p448/gems/actionpack-3.1.0/lib/action_view/renderer/template_renderer.rb:47:in `render_with_layout'
/home/lol/.rvm/gems/ruby-1.9.3-p448/gems/actionpack-3.1.0/lib/action_view/renderer/template_renderer.rb:38:in `render_template'
/home/lol/.rvm/gems/ruby-1.9.3-p448/gems/actionpack-3.1.0/lib/action_view/renderer/template_renderer.rb:12:in `block in render'
/home/lol/.rvm/gems/ruby-1.9.3-p448/gems/actionpack-3.1.0/lib/action_view/renderer/abstract_renderer.rb:22:in `wrap_formats'
/home/lol/.rvm/gems/ruby-1.9.3-p448/gems/actionpack-3.1.0/lib/action_view/renderer/template_renderer.rb:9:in `render'
/home/lol/.rvm/gems/ruby-1.9.3-p448/gems/actionpack-3.1.0/lib/action_view/renderer/renderer.rb:36:in `render_template'
/home/lol/.rvm/gems/ruby-1.9.3-p448/gems/actionpack-3.1.0/lib/action_view/renderer/renderer.rb:17:in `render'
/home/lol/.rvm/gems/ruby-1.9.3-p448/gems/actionpack-3.1.0/lib/abstract_controller/rendering.rb:120:in `_render_template'
/home/lol/.rvm/gems/ruby-1.9.3-p448/gems/actionpack-3.1.0/lib/action_controller/metal/streaming.rb:250:in `_render_template'
/home/lol/.rvm/gems/ruby-1.9.3-p448/gems/actionpack-3.1.0/lib/abstract_controller/rendering.rb:114:in `render_to_body'
/home/lol/.rvm/gems/ruby-1.9.3-p448/gems/actionpack-3.1.0/lib/action_controller/metal/renderers.rb:30:in `render_to_body'
/home/lol/.rvm/gems/ruby-1.9.3-p448/gems/actionpack-3.1.0/lib/action_controller/metal/compatibility.rb:43:in `render_to_body'
/home/lol/.rvm/gems/ruby-1.9.3-p448/gems/actionpack-3.1.0/lib/abstract_controller/rendering.rb:99:in `render'
/home/lol/.rvm/gems/ruby-1.9.3-p448/gems/actionpack-3.1.0/lib/action_controller/metal/rendering.rb:16:in `render'
/home/lol/.rvm/gems/ruby-1.9.3-p448/gems/actionpack-3.1.0/lib/action_controller/metal/instrumentation.rb:40:in `block (2 levels) in render'
/home/lol/.rvm/gems/ruby-1.9.3-p448/gems/activesupport-3.1.0/lib/active_support/core_ext/benchmark.rb:5:in `block in ms'
/home/lol/.rvm/rubies/ruby-1.9.3-p448/lib/ruby/1.9.1/benchmark.rb:295:in `realtime'
/home/lol/.rvm/gems/ruby-1.9.3-p448/gems/activesupport-3.1.0/lib/active_support/core_ext/benchmark.rb:5:in `ms'
/home/lol/.rvm/gems/ruby-1.9.3-p448/gems/actionpack-3.1.0/lib/action_controller/metal/instrumentation.rb:40:in `block in render'
/home/lol/.rvm/gems/ruby-1.9.3-p448/gems/actionpack-3.1.0/lib/action_controller/metal/instrumentation.rb:78:in `cleanup_view_runtime'
/home/lol/.rvm/gems/ruby-1.9.3-p448/gems/activerecord-3.1.0/lib/active_record/railties/controller_runtime.rb:24:in `cleanup_view_runtime'
/home/lol/.rvm/gems/ruby-1.9.3-p448/gems/actionpack-3.1.0/lib/action_controller/metal/instrumentation.rb:39:in `render'
/home/lol/.rvm/gems/ruby-1.9.3-p448/gems/actionpack-3.1.0/lib/action_controller/metal/implicit_render.rb:10:in `default_render'
/home/lol/.rvm/gems/ruby-1.9.3-p448/gems/actionpack-3.1.0/lib/action_controller/metal/implicit_render.rb:5:in `send_action'
/home/lol/.rvm/gems/ruby-1.9.3-p448/gems/actionpack-3.1.0/lib/abstract_controller/base.rb:167:in `process_action'
/home/lol/.rvm/gems/ruby-1.9.3-p448/gems/actionpack-3.1.0/lib/action_controller/metal/rendering.rb:10:in `process_action'
/home/lol/.rvm/gems/ruby-1.9.3-p448/gems/actionpack-3.1.0/lib/abstract_controller/callbacks.rb:18:in `block in process_action'
/home/lol/.rvm/gems/ruby-1.9.3-p448/gems/activesupport-3.1.0/lib/active_support/callbacks.rb:416:in `_run__659265519__process_action__220311820__callbacks'
/home/lol/.rvm/gems/ruby-1.9.3-p448/gems/activesupport-3.1.0/lib/active_support/callbacks.rb:386:in `_run_process_action_callbacks'
/home/lol/.rvm/gems/ruby-1.9.3-p448/gems/activesupport-3.1.0/lib/active_support/callbacks.rb:81:in `run_callbacks'
/home/lol/.rvm/gems/ruby-1.9.3-p448/gems/actionpack-3.1.0/lib/abstract_controller/callbacks.rb:17:in `process_action'
/home/lol/.rvm/gems/ruby-1.9.3-p448/gems/actionpack-3.1.0/lib/action_controller/metal/rescue.rb:17:in `process_action'
/home/lol/.rvm/gems/ruby-1.9.3-p448/gems/actionpack-3.1.0/lib/action_controller/metal/instrumentation.rb:30:in `block in process_action'
/home/lol/.rvm/gems/ruby-1.9.3-p448/gems/activesupport-3.1.0/lib/active_support/notifications.rb:53:in `block in instrument'
/home/lol/.rvm/gems/ruby-1.9.3-p448/gems/activesupport-3.1.0/lib/active_support/notifications/instrumenter.rb:21:in `instrument'
/home/lol/.rvm/gems/ruby-1.9.3-p448/gems/activesupport-3.1.0/lib/active_support/notifications.rb:53:in `instrument'
/home/lol/.rvm/gems/ruby-1.9.3-p448/gems/actionpack-3.1.0/lib/action_controller/metal/instrumentation.rb:29:in `process_action'
/home/lol/.rvm/gems/ruby-1.9.3-p448/gems/actionpack-3.1.0/lib/action_controller/metal/params_wrapper.rb:201:in `process_action'
/home/lol/.rvm/gems/ruby-1.9.3-p448/gems/activerecord-3.1.0/lib/active_record/railties/controller_runtime.rb:18:in `process_action'
/home/lol/.rvm/gems/ruby-1.9.3-p448/gems/actionpack-3.1.0/lib/abstract_controller/base.rb:121:in `process'
/home/lol/.rvm/gems/ruby-1.9.3-p448/gems/actionpack-3.1.0/lib/abstract_controller/rendering.rb:45:in `process'
/home/lol/.rvm/gems/ruby-1.9.3-p448/gems/actionpack-3.1.0/lib/action_controller/metal.rb:193:in `dispatch'
/home/lol/.rvm/gems/ruby-1.9.3-p448/gems/actionpack-3.1.0/lib/action_controller/metal/rack_delegation.rb:14:in `dispatch'
/home/lol/.rvm/gems/ruby-1.9.3-p448/gems/actionpack-3.1.0/lib/action_controller/metal.rb:236:in `block in action'
/home/lol/.rvm/gems/ruby-1.9.3-p448/gems/actionpack-3.1.0/lib/action_dispatch/routing/route_set.rb:65:in `call'
/home/lol/.rvm/gems/ruby-1.9.3-p448/gems/actionpack-3.1.0/lib/action_dispatch/routing/route_set.rb:65:in `dispatch'
/home/lol/.rvm/gems/ruby-1.9.3-p448/gems/actionpack-3.1.0/lib/action_dispatch/routing/route_set.rb:29:in `call'
/home/lol/.rvm/gems/ruby-1.9.3-p448/gems/rack-mount-0.8.3/lib/rack/mount/route_set.rb:152:in `block in call'
/home/lol/.rvm/gems/ruby-1.9.3-p448/gems/rack-mount-0.8.3/lib/rack/mount/code_generation.rb:96:in `block in recognize'
/home/lol/.rvm/gems/ruby-1.9.3-p448/gems/rack-mount-0.8.3/lib/rack/mount/code_generation.rb:75:in `optimized_each'
/home/lol/.rvm/gems/ruby-1.9.3-p448/gems/rack-mount-0.8.3/lib/rack/mount/code_generation.rb:95:in `recognize'
/home/lol/.rvm/gems/ruby-1.9.3-p448/gems/rack-mount-0.8.3/lib/rack/mount/route_set.rb:141:in `call'
/home/lol/.rvm/gems/ruby-1.9.3-p448/gems/actionpack-3.1.0/lib/action_dispatch/routing/route_set.rb:531:in `call'
/home/lol/.rvm/gems/ruby-1.9.3-p448/gems/actionpack-3.1.0/lib/action_dispatch/middleware/best_standards_support.rb:17:in `call'
/home/lol/.rvm/gems/ruby-1.9.3-p448/gems/rack-1.3.5/lib/rack/etag.rb:23:in `call'
/home/lol/.rvm/gems/ruby-1.9.3-p448/gems/rack-1.3.5/lib/rack/conditionalget.rb:25:in `call'
/home/lol/.rvm/gems/ruby-1.9.3-p448/gems/actionpack-3.1.0/lib/action_dispatch/middleware/head.rb:14:in `call'
/home/lol/.rvm/gems/ruby-1.9.3-p448/gems/actionpack-3.1.0/lib/action_dispatch/middleware/params_parser.rb:21:in `call'
/home/lol/.rvm/gems/ruby-1.9.3-p448/gems/actionpack-3.1.0/lib/action_dispatch/middleware/flash.rb:243:in `call'
/home/lol/.rvm/gems/ruby-1.9.3-p448/gems/rack-1.3.5/lib/rack/session/abstract/id.rb:195:in `context'
/home/lol/.rvm/gems/ruby-1.9.3-p448/gems/rack-1.3.5/lib/rack/session/abstract/id.rb:190:in `call'
/home/lol/.rvm/gems/ruby-1.9.3-p448/gems/actionpack-3.1.0/lib/action_dispatch/middleware/cookies.rb:326:in `call'
/home/lol/.rvm/gems/ruby-1.9.3-p448/gems/activerecord-3.1.0/lib/active_record/query_cache.rb:62:in `call'
/home/lol/.rvm/gems/ruby-1.9.3-p448/gems/activerecord-3.1.0/lib/active_record/connection_adapters/abstract/connection_pool.rb:477:in `call'
/home/lol/.rvm/gems/ruby-1.9.3-p448/gems/actionpack-3.1.0/lib/action_dispatch/middleware/callbacks.rb:29:in `block in call'
/home/lol/.rvm/gems/ruby-1.9.3-p448/gems/activesupport-3.1.0/lib/active_support/callbacks.rb:392:in `_run_call_callbacks'
/home/lol/.rvm/gems/ruby-1.9.3-p448/gems/activesupport-3.1.0/lib/active_support/callbacks.rb:81:in `run_callbacks'
/home/lol/.rvm/gems/ruby-1.9.3-p448/gems/actionpack-3.1.0/lib/action_dispatch/middleware/callbacks.rb:28:in `call'
/home/lol/.rvm/gems/ruby-1.9.3-p448/gems/actionpack-3.1.0/lib/action_dispatch/middleware/reloader.rb:68:in `call'
/home/lol/.rvm/gems/ruby-1.9.3-p448/gems/rack-1.3.5/lib/rack/sendfile.rb:101:in `call'
/home/lol/.rvm/gems/ruby-1.9.3-p448/gems/actionpack-3.1.0/lib/action_dispatch/middleware/remote_ip.rb:48:in `call'
/home/lol/.rvm/gems/ruby-1.9.3-p448/gems/actionpack-3.1.0/lib/action_dispatch/middleware/show_exceptions.rb:47:in `call'
/home/lol/.rvm/gems/ruby-1.9.3-p448/gems/railties-3.1.0/lib/rails/rack/logger.rb:13:in `call'
/home/lol/.rvm/gems/ruby-1.9.3-p448/gems/rack-1.3.5/lib/rack/methodoverride.rb:24:in `call'
/home/lol/.rvm/gems/ruby-1.9.3-p448/gems/rack-1.3.5/lib/rack/runtime.rb:17:in `call'
/home/lol/.rvm/gems/ruby-1.9.3-p448/gems/activesupport-3.1.0/lib/active_support/cache/strategy/local_cache.rb:72:in `call'
/home/lol/.rvm/gems/ruby-1.9.3-p448/gems/rack-1.3.5/lib/rack/lock.rb:15:in `call'
/home/lol/.rvm/gems/ruby-1.9.3-p448/gems/actionpack-3.1.0/lib/action_dispatch/middleware/static.rb:53:in `call'
/home/lol/.rvm/gems/ruby-1.9.3-p448/gems/railties-3.1.0/lib/rails/engine.rb:455:in `call'
/home/lol/.rvm/gems/ruby-1.9.3-p448/gems/railties-3.1.0/lib/rails/rack/content_length.rb:16:in `call'
/home/lol/.rvm/gems/ruby-1.9.3-p448/gems/railties-3.1.0/lib/rails/rack/log_tailer.rb:14:in `call'
/home/lol/.rvm/gems/ruby-1.9.3-p448/gems/rack-1.3.5/lib/rack/handler/webrick.rb:59:in `service'
/home/lol/.rvm/rubies/ruby-1.9.3-p448/lib/ruby/1.9.1/webrick/httpserver.rb:138:in `service'
/home/lol/.rvm/rubies/ruby-1.9.3-p448/lib/ruby/1.9.1/webrick/httpserver.rb:94:in `run'
/home/lol/.rvm/rubies/ruby-1.9.3-p448/lib/ruby/1.9.1/webrick/server.rb:191:in `block in start_thread'
Rendered movies/index.html.haml within layouts/application (5.0ms)
Completed 500 Internal Server Error in 17ms

ActionView::Template::Error (/home/lol/Documents/Programmation/edx/cs169/hw2_rottenpotatoes/app/views/movies/index.html.haml:7: syntax error, unexpected tIDENTIFIER, expecting ')'
...nk_to 'Movie Title' movies_path(:sort => 'title')
...                               ^):
    4: %table#movies
    5:   %thead
    6:     %tr
    7:       %th#title_header= link_to 'Movie Title' movies_path(:sort => 'title')
    8:       %th Rating
    9:       %th Release Date
    10:       %th More Info
  

Rendered /home/lol/.rvm/gems/ruby-1.9.3-p448/gems/actionpack-3.1.0/lib/action_dispatch/middleware/templates/rescues/_trace.erb (1.8ms)
Rendered /home/lol/.rvm/gems/ruby-1.9.3-p448/gems/actionpack-3.1.0/lib/action_dispatch/middleware/templates/rescues/_request_and_response.erb (1.4ms)
Rendered /home/lol/.rvm/gems/ruby-1.9.3-p448/gems/actionpack-3.1.0/lib/action_dispatch/middleware/templates/rescues/template_error.erb within rescues/layout (6.8ms)


Started GET "/movies" for 127.0.0.1 at 2013-07-26 18:50:47 -0400
  Processing by MoviesController#index as HTML
  [1m[35mMovie Load (0.4ms)[0m  SELECT "movies".* FROM "movies" 
Rendered movies/index.html.haml within layouts/application (58.7ms)
Completed 200 OK in 71ms (Views: 67.5ms | ActiveRecord: 1.0ms)


Started GET "/assets/application.css?body=1" for 127.0.0.1 at 2013-07-26 18:50:47 -0400
Served asset /application.css - 304 Not Modified (0ms)


Started GET "/assets/jquery.js?body=1" for 127.0.0.1 at 2013-07-26 18:50:47 -0400
Served asset /jquery.js - 304 Not Modified (0ms)


Started GET "/assets/jquery_ujs.js?body=1" for 127.0.0.1 at 2013-07-26 18:50:47 -0400
Served asset /jquery_ujs.js - 304 Not Modified (0ms)


Started GET "/assets/application.js?body=1" for 127.0.0.1 at 2013-07-26 18:50:47 -0400
Served asset /application.js - 304 Not Modified (0ms)


Started GET "/movies?sort=title" for 127.0.0.1 at 2013-07-26 18:50:49 -0400
  Processing by MoviesController#index as HTML
  Parameters: {"sort"=>"title"}
  [1m[36mMovie Load (0.3ms)[0m  [1mSELECT "movies".* FROM "movies" [0m
Completed 500 Internal Server Error in 16ms

NoMethodError (undefined method `order' for #<Array:0xb4c893e4>):
  app/controllers/movies_controller.rb:11:in `index'

Rendered /home/lol/.rvm/gems/ruby-1.9.3-p448/gems/actionpack-3.1.0/lib/action_dispatch/middleware/templates/rescues/_trace.erb (2.0ms)
Rendered /home/lol/.rvm/gems/ruby-1.9.3-p448/gems/actionpack-3.1.0/lib/action_dispatch/middleware/templates/rescues/_request_and_response.erb (1.4ms)
Rendered /home/lol/.rvm/gems/ruby-1.9.3-p448/gems/actionpack-3.1.0/lib/action_dispatch/middleware/templates/rescues/diagnostics.erb within rescues/layout (7.6ms)


Started GET "/movies" for 127.0.0.1 at 2013-07-26 18:52:36 -0400
  Processing by MoviesController#index as HTML
  [1m[35mMovie Load (0.5ms)[0m  SELECT "movies".* FROM "movies" 
Rendered movies/index.html.haml within layouts/application (19.6ms)
Completed 200 OK in 33ms (Views: 27.9ms | ActiveRecord: 1.2ms)


Started GET "/assets/application.css?body=1" for 127.0.0.1 at 2013-07-26 18:52:36 -0400
Served asset /application.css - 304 Not Modified (0ms)


Started GET "/assets/jquery.js?body=1" for 127.0.0.1 at 2013-07-26 18:52:36 -0400
Served asset /jquery.js - 304 Not Modified (0ms)


Started GET "/assets/application.js?body=1" for 127.0.0.1 at 2013-07-26 18:52:36 -0400
Served asset /application.js - 304 Not Modified (0ms)


Started GET "/assets/jquery_ujs.js?body=1" for 127.0.0.1 at 2013-07-26 18:52:36 -0400
Served asset /jquery_ujs.js - 304 Not Modified (0ms)


Started GET "/movies?sort=title" for 127.0.0.1 at 2013-07-26 18:52:38 -0400
  Processing by MoviesController#index as HTML
  Parameters: {"sort"=>"title"}
  [1m[36mMovie Load (0.3ms)[0m  [1mSELECT "movies".* FROM "movies" [0m
  [1m[35mMovie Load (0.4ms)[0m  SELECT "movies".* FROM "movies" ORDER BY title
Rendered movies/index.html.haml within layouts/application (19.2ms)
Completed 200 OK in 31ms (Views: 27.1ms | ActiveRecord: 1.2ms)


Started GET "/assets/application.css?body=1" for 127.0.0.1 at 2013-07-26 18:52:38 -0400
Served asset /application.css - 304 Not Modified (0ms)


Started GET "/assets/jquery.js?body=1" for 127.0.0.1 at 2013-07-26 18:52:38 -0400
Served asset /jquery.js - 304 Not Modified (0ms)


Started GET "/assets/jquery_ujs.js?body=1" for 127.0.0.1 at 2013-07-26 18:52:38 -0400
Served asset /jquery_ujs.js - 304 Not Modified (0ms)


Started GET "/assets/application.js?body=1" for 127.0.0.1 at 2013-07-26 18:52:38 -0400
Served asset /application.js - 304 Not Modified (1ms)


Started GET "/movies?sort=title" for 127.0.0.1 at 2013-07-26 18:54:55 -0400
  Processing by MoviesController#index as HTML
  Parameters: {"sort"=>"title"}
  [1m[36mMovie Load (0.3ms)[0m  [1mSELECT "movies".* FROM "movies" [0m
  [1m[35mMovie Load (0.3ms)[0m  SELECT "movies".* FROM "movies" ORDER BY title
  [1m[36mMovie Load (0.3ms)[0m  [1mSELECT "movies".* FROM "movies" ORDER BY release_date[0m
Rendered movies/index.html.haml within layouts/application (22.8ms)
Completed 200 OK in 35ms (Views: 30.6ms | ActiveRecord: 1.4ms)


Started GET "/assets/application.css?body=1" for 127.0.0.1 at 2013-07-26 18:54:55 -0400
Served asset /application.css - 304 Not Modified (0ms)


Started GET "/assets/jquery.js?body=1" for 127.0.0.1 at 2013-07-26 18:54:55 -0400
Served asset /jquery.js - 304 Not Modified (0ms)


Started GET "/assets/jquery_ujs.js?body=1" for 127.0.0.1 at 2013-07-26 18:54:55 -0400
Served asset /jquery_ujs.js - 304 Not Modified (0ms)


Started GET "/assets/application.js?body=1" for 127.0.0.1 at 2013-07-26 18:54:55 -0400
Served asset /application.js - 304 Not Modified (0ms)


Started GET "/movies?sort=title" for 127.0.0.1 at 2013-07-26 18:55:00 -0400
  Processing by MoviesController#index as HTML
  Parameters: {"sort"=>"title"}
  [1m[35mMovie Load (0.3ms)[0m  SELECT "movies".* FROM "movies" 
  [1m[36mMovie Load (0.3ms)[0m  [1mSELECT "movies".* FROM "movies" ORDER BY title[0m
  [1m[35mMovie Load (0.3ms)[0m  SELECT "movies".* FROM "movies" ORDER BY release_date
Rendered movies/index.html.haml within layouts/application (58.0ms)
Completed 200 OK in 72ms (Views: 66.4ms | ActiveRecord: 1.7ms)


Started GET "/assets/application.css?body=1" for 127.0.0.1 at 2013-07-26 18:55:00 -0400
Served asset /application.css - 304 Not Modified (0ms)


Started GET "/assets/jquery.js?body=1" for 127.0.0.1 at 2013-07-26 18:55:00 -0400
Served asset /jquery.js - 304 Not Modified (0ms)


Started GET "/assets/jquery_ujs.js?body=1" for 127.0.0.1 at 2013-07-26 18:55:00 -0400
Served asset /jquery_ujs.js - 304 Not Modified (0ms)


Started GET "/assets/application.js?body=1" for 127.0.0.1 at 2013-07-26 18:55:00 -0400
Served asset /application.js - 304 Not Modified (0ms)


Started GET "/movies?sort=title" for 127.0.0.1 at 2013-07-26 18:55:01 -0400
  Processing by MoviesController#index as HTML
  Parameters: {"sort"=>"title"}
  [1m[36mMovie Load (0.3ms)[0m  [1mSELECT "movies".* FROM "movies" [0m
  [1m[35mMovie Load (0.3ms)[0m  SELECT "movies".* FROM "movies" ORDER BY title
  [1m[36mMovie Load (0.4ms)[0m  [1mSELECT "movies".* FROM "movies" ORDER BY release_date[0m
Rendered movies/index.html.haml within layouts/application (18.9ms)
Completed 200 OK in 32ms (Views: 26.9ms | ActiveRecord: 1.5ms)


Started GET "/assets/application.css?body=1" for 127.0.0.1 at 2013-07-26 18:55:01 -0400
Served asset /application.css - 304 Not Modified (0ms)


Started GET "/assets/jquery_ujs.js?body=1" for 127.0.0.1 at 2013-07-26 18:55:01 -0400
Served asset /jquery_ujs.js - 304 Not Modified (0ms)


Started GET "/assets/jquery.js?body=1" for 127.0.0.1 at 2013-07-26 18:55:01 -0400
Served asset /jquery.js - 304 Not Modified (0ms)


Started GET "/assets/application.js?body=1" for 127.0.0.1 at 2013-07-26 18:55:01 -0400
Served asset /application.js - 304 Not Modified (0ms)


Started GET "/movies?sort=title" for 127.0.0.1 at 2013-07-26 18:55:07 -0400
  Processing by MoviesController#index as HTML
  Parameters: {"sort"=>"title"}
  [1m[35mMovie Load (0.3ms)[0m  SELECT "movies".* FROM "movies" 
  [1m[36mMovie Load (0.3ms)[0m  [1mSELECT "movies".* FROM "movies" ORDER BY title[0m
  [1m[35mMovie Load (0.3ms)[0m  SELECT "movies".* FROM "movies" ORDER BY release_date
Rendered movies/index.html.haml within layouts/application (18.5ms)
Completed 200 OK in 31ms (Views: 26.7ms | ActiveRecord: 1.4ms)


Started GET "/assets/application.css?body=1" for 127.0.0.1 at 2013-07-26 18:55:07 -0400
Served asset /application.css - 304 Not Modified (0ms)


Started GET "/assets/jquery.js?body=1" for 127.0.0.1 at 2013-07-26 18:55:07 -0400
Served asset /jquery.js - 304 Not Modified (0ms)


Started GET "/assets/jquery_ujs.js?body=1" for 127.0.0.1 at 2013-07-26 18:55:07 -0400
Served asset /jquery_ujs.js - 304 Not Modified (0ms)


Started GET "/assets/application.js?body=1" for 127.0.0.1 at 2013-07-26 18:55:07 -0400
Served asset /application.js - 304 Not Modified (0ms)


Started GET "/movies?sort=title" for 127.0.0.1 at 2013-07-26 18:55:10 -0400
  Processing by MoviesController#index as HTML
  Parameters: {"sort"=>"title"}
  [1m[36mMovie Load (0.3ms)[0m  [1mSELECT "movies".* FROM "movies" [0m
  [1m[35mMovie Load (0.3ms)[0m  SELECT "movies".* FROM "movies" ORDER BY title
  [1m[36mMovie Load (0.3ms)[0m  [1mSELECT "movies".* FROM "movies" ORDER BY release_date[0m
Rendered movies/index.html.haml within layouts/application (19.5ms)
Completed 200 OK in 32ms (Views: 26.9ms | ActiveRecord: 1.4ms)


Started GET "/assets/application.css?body=1" for 127.0.0.1 at 2013-07-26 18:55:11 -0400
Served asset /application.css - 304 Not Modified (0ms)


Started GET "/assets/jquery_ujs.js?body=1" for 127.0.0.1 at 2013-07-26 18:55:11 -0400
Served asset /jquery_ujs.js - 304 Not Modified (0ms)


Started GET "/assets/jquery.js?body=1" for 127.0.0.1 at 2013-07-26 18:55:11 -0400
Served asset /jquery.js - 304 Not Modified (0ms)


Started GET "/assets/application.js?body=1" for 127.0.0.1 at 2013-07-26 18:55:11 -0400
Served asset /application.js - 304 Not Modified (0ms)


Started GET "/movies?sort=title" for 127.0.0.1 at 2013-07-26 18:55:43 -0400
  Processing by MoviesController#index as HTML
  Parameters: {"sort"=>"title"}
  [1m[35mMovie Load (0.3ms)[0m  SELECT "movies".* FROM "movies" 
  [1m[36mMovie Load (0.4ms)[0m  [1mSELECT "movies".* FROM "movies" ORDER BY title[0m
Rendered movies/index.html.haml within layouts/application (38.2ms)
Completed 200 OK in 61ms (Views: 51.6ms | ActiveRecord: 5.5ms)


Started GET "/assets/application.css?body=1" for 127.0.0.1 at 2013-07-26 18:55:43 -0400
Served asset /application.css - 304 Not Modified (0ms)


Started GET "/assets/jquery.js?body=1" for 127.0.0.1 at 2013-07-26 18:55:43 -0400
Served asset /jquery.js - 304 Not Modified (0ms)


Started GET "/assets/jquery_ujs.js?body=1" for 127.0.0.1 at 2013-07-26 18:55:43 -0400
Served asset /jquery_ujs.js - 304 Not Modified (0ms)


Started GET "/assets/application.js?body=1" for 127.0.0.1 at 2013-07-26 18:55:43 -0400
Served asset /application.js - 304 Not Modified (0ms)


Started GET "/movies?sort=title" for 127.0.0.1 at 2013-07-26 18:55:47 -0400
  Processing by MoviesController#index as HTML
  Parameters: {"sort"=>"title"}
  [1m[35mMovie Load (0.3ms)[0m  SELECT "movies".* FROM "movies" 
  [1m[36mMovie Load (0.3ms)[0m  [1mSELECT "movies".* FROM "movies" ORDER BY title[0m
Rendered movies/index.html.haml within layouts/application (54.9ms)
Completed 200 OK in 67ms (Views: 62.5ms | ActiveRecord: 1.2ms)


Started GET "/assets/application.css?body=1" for 127.0.0.1 at 2013-07-26 18:55:47 -0400
Served asset /application.css - 304 Not Modified (0ms)


Started GET "/assets/jquery.js?body=1" for 127.0.0.1 at 2013-07-26 18:55:47 -0400
Served asset /jquery.js - 304 Not Modified (0ms)


Started GET "/assets/jquery_ujs.js?body=1" for 127.0.0.1 at 2013-07-26 18:55:47 -0400
Served asset /jquery_ujs.js - 304 Not Modified (0ms)


Started GET "/assets/application.js?body=1" for 127.0.0.1 at 2013-07-26 18:55:47 -0400
Served asset /application.js - 304 Not Modified (0ms)


Started GET "/movies?sort=title" for 127.0.0.1 at 2013-07-26 18:55:50 -0400
  Processing by MoviesController#index as HTML
  Parameters: {"sort"=>"title"}
  [1m[35mMovie Load (0.3ms)[0m  SELECT "movies".* FROM "movies" 
  [1m[36mMovie Load (0.3ms)[0m  [1mSELECT "movies".* FROM "movies" ORDER BY title[0m
Rendered movies/index.html.haml within layouts/application (19.1ms)
Completed 200 OK in 31ms (Views: 26.8ms | ActiveRecord: 1.1ms)


Started GET "/assets/application.css?body=1" for 127.0.0.1 at 2013-07-26 18:55:51 -0400
Served asset /application.css - 304 Not Modified (0ms)


Started GET "/assets/jquery.js?body=1" for 127.0.0.1 at 2013-07-26 18:55:51 -0400
Served asset /jquery.js - 304 Not Modified (0ms)


Started GET "/assets/jquery_ujs.js?body=1" for 127.0.0.1 at 2013-07-26 18:55:51 -0400
Served asset /jquery_ujs.js - 304 Not Modified (0ms)


Started GET "/assets/application.js?body=1" for 127.0.0.1 at 2013-07-26 18:55:51 -0400
Served asset /application.js - 304 Not Modified (0ms)


Started GET "/movies" for 127.0.0.1 at 2013-07-26 18:55:53 -0400
  Processing by MoviesController#index as HTML
  [1m[35mMovie Load (0.3ms)[0m  SELECT "movies".* FROM "movies" 
Rendered movies/index.html.haml within layouts/application (19.2ms)
Completed 200 OK in 30ms (Views: 26.6ms | ActiveRecord: 0.9ms)


Started GET "/assets/application.css?body=1" for 127.0.0.1 at 2013-07-26 18:55:53 -0400
Served asset /application.css - 304 Not Modified (0ms)


Started GET "/assets/jquery.js?body=1" for 127.0.0.1 at 2013-07-26 18:55:53 -0400
Served asset /jquery.js - 304 Not Modified (0ms)


Started GET "/assets/jquery_ujs.js?body=1" for 127.0.0.1 at 2013-07-26 18:55:53 -0400
Served asset /jquery_ujs.js - 304 Not Modified (0ms)


Started GET "/assets/application.js?body=1" for 127.0.0.1 at 2013-07-26 18:55:53 -0400
Served asset /application.js - 304 Not Modified (0ms)


Started GET "/movies?sort=title" for 127.0.0.1 at 2013-07-26 18:55:56 -0400
  Processing by MoviesController#index as HTML
  Parameters: {"sort"=>"title"}
  [1m[36mMovie Load (0.3ms)[0m  [1mSELECT "movies".* FROM "movies" [0m
  [1m[35mMovie Load (0.4ms)[0m  SELECT "movies".* FROM "movies" ORDER BY title
Rendered movies/index.html.haml within layouts/application (19.9ms)
Completed 200 OK in 32ms (Views: 27.7ms | ActiveRecord: 1.2ms)


Started GET "/assets/application.css?body=1" for 127.0.0.1 at 2013-07-26 18:55:56 -0400
Served asset /application.css - 304 Not Modified (0ms)


Started GET "/assets/jquery.js?body=1" for 127.0.0.1 at 2013-07-26 18:55:56 -0400
Served asset /jquery.js - 304 Not Modified (0ms)


Started GET "/assets/jquery_ujs.js?body=1" for 127.0.0.1 at 2013-07-26 18:55:56 -0400
Served asset /jquery_ujs.js - 304 Not Modified (0ms)


Started GET "/assets/application.js?body=1" for 127.0.0.1 at 2013-07-26 18:55:56 -0400
Served asset /application.js - 304 Not Modified (0ms)


Started GET "/movies?sort=release_date" for 127.0.0.1 at 2013-07-26 18:55:59 -0400
  Processing by MoviesController#index as HTML
  Parameters: {"sort"=>"release_date"}
  [1m[36mMovie Load (0.4ms)[0m  [1mSELECT "movies".* FROM "movies" [0m
  [1m[35mMovie Load (0.3ms)[0m  SELECT "movies".* FROM "movies" ORDER BY release_date
Rendered movies/index.html.haml within layouts/application (20.7ms)
Completed 200 OK in 33ms (Views: 28.8ms | ActiveRecord: 1.3ms)


Started GET "/assets/application.css?body=1" for 127.0.0.1 at 2013-07-26 18:55:59 -0400
Served asset /application.css - 304 Not Modified (0ms)


Started GET "/assets/jquery.js?body=1" for 127.0.0.1 at 2013-07-26 18:55:59 -0400
Served asset /jquery.js - 304 Not Modified (0ms)


Started GET "/assets/jquery_ujs.js?body=1" for 127.0.0.1 at 2013-07-26 18:55:59 -0400
Served asset /jquery_ujs.js - 304 Not Modified (0ms)


Started GET "/assets/application.js?body=1" for 127.0.0.1 at 2013-07-26 18:55:59 -0400
Served asset /application.js - 304 Not Modified (0ms)


Started GET "/movies/1" for 127.0.0.1 at 2013-07-26 19:00:39 -0400
  Processing by MoviesController#show as HTML
  Parameters: {"id"=>"1"}
  [1m[36mMovie Load (0.3ms)[0m  [1mSELECT "movies".* FROM "movies" WHERE "movies"."id" = ? LIMIT 1[0m  [["id", "1"]]
Rendered movies/show.html.haml within layouts/application (17.3ms)
Completed 200 OK in 69ms (Views: 63.9ms | ActiveRecord: 0.9ms)


Started GET "/assets/application.css?body=1" for 127.0.0.1 at 2013-07-26 19:00:39 -0400
Served asset /application.css - 304 Not Modified (0ms)


Started GET "/assets/jquery.js?body=1" for 127.0.0.1 at 2013-07-26 19:00:39 -0400
Served asset /jquery.js - 304 Not Modified (0ms)


Started GET "/assets/jquery_ujs.js?body=1" for 127.0.0.1 at 2013-07-26 19:00:39 -0400
Served asset /jquery_ujs.js - 304 Not Modified (0ms)


Started GET "/assets/application.js?body=1" for 127.0.0.1 at 2013-07-26 19:00:39 -0400
Served asset /application.js - 304 Not Modified (0ms)


Started GET "/movies/" for 127.0.0.1 at 2013-07-26 19:04:51 -0400
  Processing by MoviesController#index as HTML
  [1m[35mMovie Load (0.3ms)[0m  SELECT "movies".* FROM "movies" 
Rendered movies/index.html.haml within layouts/application (23.0ms)
Completed 200 OK in 35ms (Views: 31.3ms | ActiveRecord: 1.0ms)


Started GET "/assets/application.css?body=1" for 127.0.0.1 at 2013-07-26 19:04:51 -0400
Served asset /application.css - 304 Not Modified (0ms)


Started GET "/assets/jquery.js?body=1" for 127.0.0.1 at 2013-07-26 19:04:51 -0400
Served asset /jquery.js - 304 Not Modified (0ms)


Started GET "/assets/jquery_ujs.js?body=1" for 127.0.0.1 at 2013-07-26 19:04:51 -0400
Served asset /jquery_ujs.js - 304 Not Modified (0ms)


Started GET "/assets/application.js?body=1" for 127.0.0.1 at 2013-07-26 19:04:51 -0400
Served asset /application.js - 304 Not Modified (0ms)


Started GET "/movies?sort=title" for 127.0.0.1 at 2013-07-26 19:04:54 -0400
  Processing by MoviesController#index as HTML
  Parameters: {"sort"=>"title"}
  [1m[36mMovie Load (0.3ms)[0m  [1mSELECT "movies".* FROM "movies" [0m
  [1m[35mMovie Load (0.3ms)[0m  SELECT "movies".* FROM "movies" ORDER BY title
Rendered movies/index.html.haml within layouts/application (18.2ms)
Completed 200 OK in 30ms (Views: 25.9ms | ActiveRecord: 1.1ms)


Started GET "/assets/application.css?body=1" for 127.0.0.1 at 2013-07-26 19:04:54 -0400
Served asset /application.css - 304 Not Modified (0ms)


Started GET "/assets/jquery.js?body=1" for 127.0.0.1 at 2013-07-26 19:04:54 -0400
Served asset /jquery.js - 304 Not Modified (0ms)


Started GET "/assets/application.js?body=1" for 127.0.0.1 at 2013-07-26 19:04:54 -0400
Served asset /application.js - 304 Not Modified (0ms)


Started GET "/assets/jquery_ujs.js?body=1" for 127.0.0.1 at 2013-07-26 19:04:54 -0400
Served asset /jquery_ujs.js - 304 Not Modified (0ms)


Started GET "/movies" for 127.0.0.1 at 2013-07-26 19:05:40 -0400
  Processing by MoviesController#index as HTML
  [1m[36mMovie Load (0.3ms)[0m  [1mSELECT "movies".* FROM "movies" [0m
Rendered movies/index.html.haml within layouts/application (27.4ms)
Completed 200 OK in 39ms (Views: 35.9ms | ActiveRecord: 0.8ms)


Started GET "/assets/application.css?body=1" for 127.0.0.1 at 2013-07-26 19:05:40 -0400
Served asset /application.css - 304 Not Modified (0ms)


Started GET "/assets/jquery.js?body=1" for 127.0.0.1 at 2013-07-26 19:05:40 -0400
Served asset /jquery.js - 304 Not Modified (0ms)


Started GET "/assets/jquery_ujs.js?body=1" for 127.0.0.1 at 2013-07-26 19:05:40 -0400
Served asset /jquery_ujs.js - 304 Not Modified (0ms)


Started GET "/assets/application.js?body=1" for 127.0.0.1 at 2013-07-26 19:05:40 -0400
Served asset /application.js - 304 Not Modified (0ms)


Started GET "/movies?sort=title" for 127.0.0.1 at 2013-07-26 19:05:42 -0400
  Processing by MoviesController#index as HTML
  Parameters: {"sort"=>"title"}
  [1m[35mMovie Load (0.3ms)[0m  SELECT "movies".* FROM "movies" 
  [1m[36mMovie Load (0.3ms)[0m  [1mSELECT "movies".* FROM "movies" ORDER BY title[0m
Rendered movies/index.html.haml within layouts/application (18.3ms)
Completed 200 OK in 30ms (Views: 26.2ms | ActiveRecord: 1.1ms)


Started GET "/assets/application.css?body=1" for 127.0.0.1 at 2013-07-26 19:05:42 -0400
Served asset /application.css - 304 Not Modified (0ms)


Started GET "/assets/jquery.js?body=1" for 127.0.0.1 at 2013-07-26 19:05:42 -0400
Served asset /jquery.js - 304 Not Modified (0ms)


Started GET "/assets/jquery_ujs.js?body=1" for 127.0.0.1 at 2013-07-26 19:05:42 -0400
Served asset /jquery_ujs.js - 304 Not Modified (0ms)


Started GET "/assets/application.js?body=1" for 127.0.0.1 at 2013-07-26 19:05:42 -0400
Served asset /application.js - 304 Not Modified (0ms)


Started GET "/movies?sort=release_date" for 127.0.0.1 at 2013-07-26 19:05:43 -0400
  Processing by MoviesController#index as HTML
  Parameters: {"sort"=>"release_date"}
  [1m[35mMovie Load (0.3ms)[0m  SELECT "movies".* FROM "movies" 
  [1m[36mMovie Load (0.4ms)[0m  [1mSELECT "movies".* FROM "movies" ORDER BY release_date[0m
Rendered movies/index.html.haml within layouts/application (22.7ms)
Completed 200 OK in 71ms (Views: 30.5ms | ActiveRecord: 1.2ms)


Started GET "/assets/application.css?body=1" for 127.0.0.1 at 2013-07-26 19:05:43 -0400
Served asset /application.css - 304 Not Modified (0ms)


Started GET "/assets/jquery.js?body=1" for 127.0.0.1 at 2013-07-26 19:05:44 -0400
Served asset /jquery.js - 304 Not Modified (0ms)


Started GET "/assets/jquery_ujs.js?body=1" for 127.0.0.1 at 2013-07-26 19:05:44 -0400
Served asset /jquery_ujs.js - 304 Not Modified (0ms)


Started GET "/assets/application.js?body=1" for 127.0.0.1 at 2013-07-26 19:05:44 -0400
Served asset /application.js - 304 Not Modified (0ms)
